[10-Mar-2022 06:09:38 UTC] PHP Warning:  unlink(avion.png): No such file or directory in C:\Users\bigba\OneDrive\Documents\Evaluation_Studi-3\DUMAINE Cédric - Créer un site web avec le CMS Wordpress\app\public\wp-content\plugins\elementor-pro\modules\assets-manager\asset-types\icons\custom-icons.php on line 180
[10-Mar-2022 06:09:38 UTC] PHP Stack trace:
[10-Mar-2022 06:09:38 UTC] PHP   1. {main}() C:\Users\bigba\OneDrive\Documents\Evaluation_Studi-3\DUMAINE Cédric - Créer un site web avec le CMS Wordpress\app\public\wp-admin\admin-ajax.php:0
[10-Mar-2022 06:09:38 UTC] PHP   2. do_action() C:\Users\bigba\OneDrive\Documents\Evaluation_Studi-3\DUMAINE Cédric - Créer un site web avec le CMS Wordpress\app\public\wp-admin\admin-ajax.php:187
[10-Mar-2022 06:09:38 UTC] PHP   3. WP_Hook->do_action() C:\Users\bigba\OneDrive\Documents\Evaluation_Studi-3\DUMAINE Cédric - Créer un site web avec le CMS Wordpress\app\public\wp-includes\plugin.php:474
[10-Mar-2022 06:09:38 UTC] PHP   4. WP_Hook->apply_filters() C:\Users\bigba\OneDrive\Documents\Evaluation_Studi-3\DUMAINE Cédric - Créer un site web avec le CMS Wordpress\app\public\wp-includes\class-wp-hook.php:331
[10-Mar-2022 06:09:38 UTC] PHP   5. Elementor\Core\Common\Modules\Ajax\Module->handle_ajax_request() C:\Users\bigba\OneDrive\Documents\Evaluation_Studi-3\DUMAINE Cédric - Créer un site web avec le CMS Wordpress\app\public\wp-includes\class-wp-hook.php:307
[10-Mar-2022 06:09:38 UTC] PHP   6. call_user_func:{C:\Users\bigba\OneDrive\Documents\Evaluation_Studi-3\DUMAINE Cédric - Créer un site web avec le CMS Wordpress\app\public\wp-content\plugins\elementor\core\common\modules\ajax\module.php:171}() C:\Users\bigba\OneDrive\Documents\Evaluation_Studi-3\DUMAINE Cédric - Créer un site web avec le CMS Wordpress\app\public\wp-content\plugins\elementor\core\common\modules\ajax\module.php:171
[10-Mar-2022 06:09:38 UTC] PHP   7. ElementorPro\Modules\AssetsManager\AssetTypes\Icons\Custom_Icons->custom_icons_upload_handler() C:\Users\bigba\OneDrive\Documents\Evaluation_Studi-3\DUMAINE Cédric - Créer un site web avec le CMS Wordpress\app\public\wp-content\plugins\elementor\core\common\modules\ajax\module.php:171
[10-Mar-2022 06:09:38 UTC] PHP   8. ElementorPro\Modules\AssetsManager\AssetTypes\Icons\Custom_Icons->upload_and_extract_zip() C:\Users\bigba\OneDrive\Documents\Evaluation_Studi-3\DUMAINE Cédric - Créer un site web avec le CMS Wordpress\app\public\wp-content\plugins\elementor-pro\modules\assets-manager\asset-types\icons\custom-icons.php:284
[10-Mar-2022 06:09:38 UTC] PHP   9. ElementorPro\Modules\AssetsManager\AssetTypes\Icons\Custom_Icons->upload() C:\Users\bigba\OneDrive\Documents\Evaluation_Studi-3\DUMAINE Cédric - Créer un site web avec le CMS Wordpress\app\public\wp-content\plugins\elementor-pro\modules\assets-manager\asset-types\icons\custom-icons.php:249
[10-Mar-2022 06:09:38 UTC] PHP  10. unlink() C:\Users\bigba\OneDrive\Documents\Evaluation_Studi-3\DUMAINE Cédric - Créer un site web avec le CMS Wordpress\app\public\wp-content\plugins\elementor-pro\modules\assets-manager\asset-types\icons\custom-icons.php:180
[10-Mar-2022 06:09:49 UTC] PHP Warning:  unlink(): No such file or directory in C:\Users\bigba\OneDrive\Documents\Evaluation_Studi-3\DUMAINE Cédric - Créer un site web avec le CMS Wordpress\app\public\wp-content\plugins\elementor-pro\modules\assets-manager\asset-types\icons\custom-icons.php on line 180
[10-Mar-2022 06:09:49 UTC] PHP Stack trace:
[10-Mar-2022 06:09:49 UTC] PHP   1. {main}() C:\Users\bigba\OneDrive\Documents\Evaluation_Studi-3\DUMAINE Cédric - Créer un site web avec le CMS Wordpress\app\public\wp-admin\admin-ajax.php:0
[10-Mar-2022 06:09:49 UTC] PHP   2. do_action() C:\Users\bigba\OneDrive\Documents\Evaluation_Studi-3\DUMAINE Cédric - Créer un site web avec le CMS Wordpress\app\public\wp-admin\admin-ajax.php:187
[10-Mar-2022 06:09:49 UTC] PHP   3. WP_Hook->do_action() C:\Users\bigba\OneDrive\Documents\Evaluation_Studi-3\DUMAINE Cédric - Créer un site web avec le CMS Wordpress\app\public\wp-includes\plugin.php:474
[10-Mar-2022 06:09:49 UTC] PHP   4. WP_Hook->apply_filters() C:\Users\bigba\OneDrive\Documents\Evaluation_Studi-3\DUMAINE Cédric - Créer un site web avec le CMS Wordpress\app\public\wp-includes\class-wp-hook.php:331
[10-Mar-2022 06:09:49 UTC] PHP   5. Elementor\Core\Common\Modules\Ajax\Module->handle_ajax_request() C:\Users\bigba\OneDrive\Documents\Evaluation_Studi-3\DUMAINE Cédric - Créer un site web avec le CMS Wordpress\app\public\wp-includes\class-wp-hook.php:307
[10-Mar-2022 06:09:49 UTC] PHP   6. call_user_func:{C:\Users\bigba\OneDrive\Documents\Evaluation_Studi-3\DUMAINE Cédric - Créer un site web avec le CMS Wordpress\app\public\wp-content\plugins\elementor\core\common\modules\ajax\module.php:171}() C:\Users\bigba\OneDrive\Documents\Evaluation_Studi-3\DUMAINE Cédric - Créer un site web avec le CMS Wordpress\app\public\wp-content\plugins\elementor\core\common\modules\ajax\module.php:171
[10-Mar-2022 06:09:49 UTC] PHP   7. ElementorPro\Modules\AssetsManager\AssetTypes\Icons\Custom_Icons->custom_icons_upload_handler() C:\Users\bigba\OneDrive\Documents\Evaluation_Studi-3\DUMAINE Cédric - Créer un site web avec le CMS Wordpress\app\public\wp-content\plugins\elementor\core\common\modules\ajax\module.php:171
[10-Mar-2022 06:09:49 UTC] PHP   8. ElementorPro\Modules\AssetsManager\AssetTypes\Icons\Custom_Icons->upload_and_extract_zip() C:\Users\bigba\OneDrive\Documents\Evaluation_Studi-3\DUMAINE Cédric - Créer un site web avec le CMS Wordpress\app\public\wp-content\plugins\elementor-pro\modules\assets-manager\asset-types\icons\custom-icons.php:284
[10-Mar-2022 06:09:49 UTC] PHP   9. ElementorPro\Modules\AssetsManager\AssetTypes\Icons\Custom_Icons->upload() C:\Users\bigba\OneDrive\Documents\Evaluation_Studi-3\DUMAINE Cédric - Créer un site web avec le CMS Wordpress\app\public\wp-content\plugins\elementor-pro\modules\assets-manager\asset-types\icons\custom-icons.php:249
[10-Mar-2022 06:09:49 UTC] PHP  10. unlink() C:\Users\bigba\OneDrive\Documents\Evaluation_Studi-3\DUMAINE Cédric - Créer un site web avec le CMS Wordpress\app\public\wp-content\plugins\elementor-pro\modules\assets-manager\asset-types\icons\custom-icons.php:180
[11-Mar-2022 20:32:24 UTC] PHP Fatal error:  Uncaught Error: Call to a member function is_editable_by_current_user() on bool in C:\Users\bigba\OneDrive\Documents\Evaluation_Studi-3\DUMAINE Cédric - Créer un site web avec le CMS Wordpress\app\public\wp-content\plugins\elementor\includes\managers\widgets.php:372
Stack trace:
#0 [internal function]: Elementor\Widgets_Manager->ajax_render_widget(Array, Object(Elementor\Core\Common\Modules\Ajax\Module))
#1 C:\Users\bigba\OneDrive\Documents\Evaluation_Studi-3\DUMAINE Cédric - Créer un site web avec le CMS Wordpress\app\public\wp-content\plugins\elementor\core\common\modules\ajax\module.php(171): call_user_func(Array, Array, Object(Elementor\Core\Common\Modules\Ajax\Module))
#2 C:\Users\bigba\OneDrive\Documents\Evaluation_Studi-3\DUMAINE Cédric - Créer un site web avec le CMS Wordpress\app\public\wp-includes\class-wp-hook.php(307): Elementor\Core\Common\Modules\Ajax\Module->handle_ajax_request('')
#3 C:\Users\bigba\OneDrive\Documents\Evaluation_Studi-3\DUMAINE Cédric - Créer un site web avec le CMS Wor in C:\Users\bigba\OneDrive\Documents\Evaluation_Studi-3\DUMAINE Cédric - Créer un site web avec le CMS Wordpress\app\public\wp-content\plugins\elementor\includes\managers\widgets.php on line 372
[11-Mar-2022 20:34:44 UTC] PHP Fatal error:  Uncaught Error: Call to a member function is_editable_by_current_user() on bool in C:\Users\bigba\OneDrive\Documents\Evaluation_Studi-3\DUMAINE Cédric - Créer un site web avec le CMS Wordpress\app\public\wp-content\plugins\elementor\includes\managers\widgets.php:372
Stack trace:
#0 [internal function]: Elementor\Widgets_Manager->ajax_render_widget(Array, Object(Elementor\Core\Common\Modules\Ajax\Module))
#1 C:\Users\bigba\OneDrive\Documents\Evaluation_Studi-3\DUMAINE Cédric - Créer un site web avec le CMS Wordpress\app\public\wp-content\plugins\elementor\core\common\modules\ajax\module.php(171): call_user_func(Array, Array, Object(Elementor\Core\Common\Modules\Ajax\Module))
#2 C:\Users\bigba\OneDrive\Documents\Evaluation_Studi-3\DUMAINE Cédric - Créer un site web avec le CMS Wordpress\app\public\wp-includes\class-wp-hook.php(307): Elementor\Core\Common\Modules\Ajax\Module->handle_ajax_request('')
#3 C:\Users\bigba\OneDrive\Documents\Evaluation_Studi-3\DUMAINE Cédric - Créer un site web avec le CMS Wor in C:\Users\bigba\OneDrive\Documents\Evaluation_Studi-3\DUMAINE Cédric - Créer un site web avec le CMS Wordpress\app\public\wp-content\plugins\elementor\includes\managers\widgets.php on line 372
[11-Mar-2022 20:35:34 UTC] PHP Fatal error:  Uncaught Error: Call to a member function is_built_with_elementor() on bool in C:\Users\bigba\OneDrive\Documents\Evaluation_Studi-3\DUMAINE Cédric - Créer un site web avec le CMS Wordpress\app\public\wp-content\plugins\elementor\core\documents-manager.php:493
Stack trace:
#0 [internal function]: Elementor\Core\Documents_Manager->ajax_save(Array, Object(Elementor\Core\Common\Modules\Ajax\Module))
#1 C:\Users\bigba\OneDrive\Documents\Evaluation_Studi-3\DUMAINE Cédric - Créer un site web avec le CMS Wordpress\app\public\wp-content\plugins\elementor\core\common\modules\ajax\module.php(171): call_user_func(Array, Array, Object(Elementor\Core\Common\Modules\Ajax\Module))
#2 C:\Users\bigba\OneDrive\Documents\Evaluation_Studi-3\DUMAINE Cédric - Créer un site web avec le CMS Wordpress\app\public\wp-includes\class-wp-hook.php(307): Elementor\Core\Common\Modules\Ajax\Module->handle_ajax_request('')
#3 C:\Users\bigba\OneDrive\Documents\Evaluation_Studi-3\DUMAINE Cédric - Créer un site web avec le CMS Wordpress\ap in C:\Users\bigba\OneDrive\Documents\Evaluation_Studi-3\DUMAINE Cédric - Créer un site web avec le CMS Wordpress\app\public\wp-content\plugins\elementor\core\documents-manager.php on line 493
[11-Mar-2022 20:36:28 UTC] PHP Fatal error:  Uncaught Error: Call to a member function is_editable_by_current_user() on bool in C:\Users\bigba\OneDrive\Documents\Evaluation_Studi-3\DUMAINE Cédric - Créer un site web avec le CMS Wordpress\app\public\wp-content\plugins\elementor\includes\managers\widgets.php:372
Stack trace:
#0 [internal function]: Elementor\Widgets_Manager->ajax_render_widget(Array, Object(Elementor\Core\Common\Modules\Ajax\Module))
#1 C:\Users\bigba\OneDrive\Documents\Evaluation_Studi-3\DUMAINE Cédric - Créer un site web avec le CMS Wordpress\app\public\wp-content\plugins\elementor\core\common\modules\ajax\module.php(171): call_user_func(Array, Array, Object(Elementor\Core\Common\Modules\Ajax\Module))
#2 C:\Users\bigba\OneDrive\Documents\Evaluation_Studi-3\DUMAINE Cédric - Créer un site web avec le CMS Wordpress\app\public\wp-includes\class-wp-hook.php(307): Elementor\Core\Common\Modules\Ajax\Module->handle_ajax_request('')
#3 C:\Users\bigba\OneDrive\Documents\Evaluation_Studi-3\DUMAINE Cédric - Créer un site web avec le CMS Wor in C:\Users\bigba\OneDrive\Documents\Evaluation_Studi-3\DUMAINE Cédric - Créer un site web avec le CMS Wordpress\app\public\wp-content\plugins\elementor\includes\managers\widgets.php on line 372
[11-Mar-2022 20:36:34 UTC] PHP Fatal error:  Uncaught Error: Call to a member function is_editable_by_current_user() on bool in C:\Users\bigba\OneDrive\Documents\Evaluation_Studi-3\DUMAINE Cédric - Créer un site web avec le CMS Wordpress\app\public\wp-content\plugins\elementor\includes\managers\widgets.php:372
Stack trace:
#0 [internal function]: Elementor\Widgets_Manager->ajax_render_widget(Array, Object(Elementor\Core\Common\Modules\Ajax\Module))
#1 C:\Users\bigba\OneDrive\Documents\Evaluation_Studi-3\DUMAINE Cédric - Créer un site web avec le CMS Wordpress\app\public\wp-content\plugins\elementor\core\common\modules\ajax\module.php(171): call_user_func(Array, Array, Object(Elementor\Core\Common\Modules\Ajax\Module))
#2 C:\Users\bigba\OneDrive\Documents\Evaluation_Studi-3\DUMAINE Cédric - Créer un site web avec le CMS Wordpress\app\public\wp-includes\class-wp-hook.php(307): Elementor\Core\Common\Modules\Ajax\Module->handle_ajax_request('')
#3 C:\Users\bigba\OneDrive\Documents\Evaluation_Studi-3\DUMAINE Cédric - Créer un site web avec le CMS Wor in C:\Users\bigba\OneDrive\Documents\Evaluation_Studi-3\DUMAINE Cédric - Créer un site web avec le CMS Wordpress\app\public\wp-content\plugins\elementor\includes\managers\widgets.php on line 372
[11-Mar-2022 20:37:31 UTC] PHP Fatal error:  Uncaught Error: Call to a member function is_editable_by_current_user() on bool in C:\Users\bigba\OneDrive\Documents\Evaluation_Studi-3\DUMAINE Cédric - Créer un site web avec le CMS Wordpress\app\public\wp-content\plugins\elementor\includes\managers\widgets.php:372
Stack trace:
#0 [internal function]: Elementor\Widgets_Manager->ajax_render_widget(Array, Object(Elementor\Core\Common\Modules\Ajax\Module))
#1 C:\Users\bigba\OneDrive\Documents\Evaluation_Studi-3\DUMAINE Cédric - Créer un site web avec le CMS Wordpress\app\public\wp-content\plugins\elementor\core\common\modules\ajax\module.php(171): call_user_func(Array, Array, Object(Elementor\Core\Common\Modules\Ajax\Module))
#2 C:\Users\bigba\OneDrive\Documents\Evaluation_Studi-3\DUMAINE Cédric - Créer un site web avec le CMS Wordpress\app\public\wp-includes\class-wp-hook.php(307): Elementor\Core\Common\Modules\Ajax\Module->handle_ajax_request('')
#3 C:\Users\bigba\OneDrive\Documents\Evaluation_Studi-3\DUMAINE Cédric - Créer un site web avec le CMS Wor in C:\Users\bigba\OneDrive\Documents\Evaluation_Studi-3\DUMAINE Cédric - Créer un site web avec le CMS Wordpress\app\public\wp-content\plugins\elementor\includes\managers\widgets.php on line 372
[11-Mar-2022 20:37:33 UTC] PHP Fatal error:  Uncaught Error: Call to a member function is_editable_by_current_user() on bool in C:\Users\bigba\OneDrive\Documents\Evaluation_Studi-3\DUMAINE Cédric - Créer un site web avec le CMS Wordpress\app\public\wp-content\plugins\elementor\includes\managers\widgets.php:372
Stack trace:
#0 [internal function]: Elementor\Widgets_Manager->ajax_render_widget(Array, Object(Elementor\Core\Common\Modules\Ajax\Module))
#1 C:\Users\bigba\OneDrive\Documents\Evaluation_Studi-3\DUMAINE Cédric - Créer un site web avec le CMS Wordpress\app\public\wp-content\plugins\elementor\core\common\modules\ajax\module.php(171): call_user_func(Array, Array, Object(Elementor\Core\Common\Modules\Ajax\Module))
#2 C:\Users\bigba\OneDrive\Documents\Evaluation_Studi-3\DUMAINE Cédric - Créer un site web avec le CMS Wordpress\app\public\wp-includes\class-wp-hook.php(307): Elementor\Core\Common\Modules\Ajax\Module->handle_ajax_request('')
#3 C:\Users\bigba\OneDrive\Documents\Evaluation_Studi-3\DUMAINE Cédric - Créer un site web avec le CMS Wor in C:\Users\bigba\OneDrive\Documents\Evaluation_Studi-3\DUMAINE Cédric - Créer un site web avec le CMS Wordpress\app\public\wp-content\plugins\elementor\includes\managers\widgets.php on line 372
[11-Mar-2022 20:37:37 UTC] PHP Fatal error:  Uncaught Error: Call to a member function is_editable_by_current_user() on bool in C:\Users\bigba\OneDrive\Documents\Evaluation_Studi-3\DUMAINE Cédric - Créer un site web avec le CMS Wordpress\app\public\wp-content\plugins\elementor\includes\managers\widgets.php:372
Stack trace:
#0 [internal function]: Elementor\Widgets_Manager->ajax_render_widget(Array, Object(Elementor\Core\Common\Modules\Ajax\Module))
#1 C:\Users\bigba\OneDrive\Documents\Evaluation_Studi-3\DUMAINE Cédric - Créer un site web avec le CMS Wordpress\app\public\wp-content\plugins\elementor\core\common\modules\ajax\module.php(171): call_user_func(Array, Array, Object(Elementor\Core\Common\Modules\Ajax\Module))
#2 C:\Users\bigba\OneDrive\Documents\Evaluation_Studi-3\DUMAINE Cédric - Créer un site web avec le CMS Wordpress\app\public\wp-includes\class-wp-hook.php(307): Elementor\Core\Common\Modules\Ajax\Module->handle_ajax_request('')
#3 C:\Users\bigba\OneDrive\Documents\Evaluation_Studi-3\DUMAINE Cédric - Créer un site web avec le CMS Wor in C:\Users\bigba\OneDrive\Documents\Evaluation_Studi-3\DUMAINE Cédric - Créer un site web avec le CMS Wordpress\app\public\wp-content\plugins\elementor\includes\managers\widgets.php on line 372
[11-Mar-2022 20:37:43 UTC] PHP Fatal error:  Uncaught Error: Call to a member function is_editable_by_current_user() on bool in C:\Users\bigba\OneDrive\Documents\Evaluation_Studi-3\DUMAINE Cédric - Créer un site web avec le CMS Wordpress\app\public\wp-content\plugins\elementor\includes\managers\widgets.php:372
Stack trace:
#0 [internal function]: Elementor\Widgets_Manager->ajax_render_widget(Array, Object(Elementor\Core\Common\Modules\Ajax\Module))
#1 C:\Users\bigba\OneDrive\Documents\Evaluation_Studi-3\DUMAINE Cédric - Créer un site web avec le CMS Wordpress\app\public\wp-content\plugins\elementor\core\common\modules\ajax\module.php(171): call_user_func(Array, Array, Object(Elementor\Core\Common\Modules\Ajax\Module))
#2 C:\Users\bigba\OneDrive\Documents\Evaluation_Studi-3\DUMAINE Cédric - Créer un site web avec le CMS Wordpress\app\public\wp-includes\class-wp-hook.php(307): Elementor\Core\Common\Modules\Ajax\Module->handle_ajax_request('')
#3 C:\Users\bigba\OneDrive\Documents\Evaluation_Studi-3\DUMAINE Cédric - Créer un site web avec le CMS Wor in C:\Users\bigba\OneDrive\Documents\Evaluation_Studi-3\DUMAINE Cédric - Créer un site web avec le CMS Wordpress\app\public\wp-content\plugins\elementor\includes\managers\widgets.php on line 372
[11-Mar-2022 20:37:57 UTC] PHP Fatal error:  Uncaught Error: Call to a member function is_editable_by_current_user() on bool in C:\Users\bigba\OneDrive\Documents\Evaluation_Studi-3\DUMAINE Cédric - Créer un site web avec le CMS Wordpress\app\public\wp-content\plugins\elementor\includes\managers\widgets.php:372
Stack trace:
#0 [internal function]: Elementor\Widgets_Manager->ajax_render_widget(Array, Object(Elementor\Core\Common\Modules\Ajax\Module))
#1 C:\Users\bigba\OneDrive\Documents\Evaluation_Studi-3\DUMAINE Cédric - Créer un site web avec le CMS Wordpress\app\public\wp-content\plugins\elementor\core\common\modules\ajax\module.php(171): call_user_func(Array, Array, Object(Elementor\Core\Common\Modules\Ajax\Module))
#2 C:\Users\bigba\OneDrive\Documents\Evaluation_Studi-3\DUMAINE Cédric - Créer un site web avec le CMS Wordpress\app\public\wp-includes\class-wp-hook.php(307): Elementor\Core\Common\Modules\Ajax\Module->handle_ajax_request('')
#3 C:\Users\bigba\OneDrive\Documents\Evaluation_Studi-3\DUMAINE Cédric - Créer un site web avec le CMS Wor in C:\Users\bigba\OneDrive\Documents\Evaluation_Studi-3\DUMAINE Cédric - Créer un site web avec le CMS Wordpress\app\public\wp-content\plugins\elementor\includes\managers\widgets.php on line 372
[11-Mar-2022 20:38:07 UTC] PHP Fatal error:  Uncaught Error: Call to a member function is_editable_by_current_user() on bool in C:\Users\bigba\OneDrive\Documents\Evaluation_Studi-3\DUMAINE Cédric - Créer un site web avec le CMS Wordpress\app\public\wp-content\plugins\elementor\includes\managers\widgets.php:372
Stack trace:
#0 [internal function]: Elementor\Widgets_Manager->ajax_render_widget(Array, Object(Elementor\Core\Common\Modules\Ajax\Module))
#1 C:\Users\bigba\OneDrive\Documents\Evaluation_Studi-3\DUMAINE Cédric - Créer un site web avec le CMS Wordpress\app\public\wp-content\plugins\elementor\core\common\modules\ajax\module.php(171): call_user_func(Array, Array, Object(Elementor\Core\Common\Modules\Ajax\Module))
#2 C:\Users\bigba\OneDrive\Documents\Evaluation_Studi-3\DUMAINE Cédric - Créer un site web avec le CMS Wordpress\app\public\wp-includes\class-wp-hook.php(307): Elementor\Core\Common\Modules\Ajax\Module->handle_ajax_request('')
#3 C:\Users\bigba\OneDrive\Documents\Evaluation_Studi-3\DUMAINE Cédric - Créer un site web avec le CMS Wor in C:\Users\bigba\OneDrive\Documents\Evaluation_Studi-3\DUMAINE Cédric - Créer un site web avec le CMS Wordpress\app\public\wp-content\plugins\elementor\includes\managers\widgets.php on line 372
[11-Mar-2022 20:38:14 UTC] PHP Fatal error:  Uncaught Error: Call to a member function is_editable_by_current_user() on bool in C:\Users\bigba\OneDrive\Documents\Evaluation_Studi-3\DUMAINE Cédric - Créer un site web avec le CMS Wordpress\app\public\wp-content\plugins\elementor\includes\managers\widgets.php:372
Stack trace:
#0 [internal function]: Elementor\Widgets_Manager->ajax_render_widget(Array, Object(Elementor\Core\Common\Modules\Ajax\Module))
#1 C:\Users\bigba\OneDrive\Documents\Evaluation_Studi-3\DUMAINE Cédric - Créer un site web avec le CMS Wordpress\app\public\wp-content\plugins\elementor\core\common\modules\ajax\module.php(171): call_user_func(Array, Array, Object(Elementor\Core\Common\Modules\Ajax\Module))
#2 C:\Users\bigba\OneDrive\Documents\Evaluation_Studi-3\DUMAINE Cédric - Créer un site web avec le CMS Wordpress\app\public\wp-includes\class-wp-hook.php(307): Elementor\Core\Common\Modules\Ajax\Module->handle_ajax_request('')
#3 C:\Users\bigba\OneDrive\Documents\Evaluation_Studi-3\DUMAINE Cédric - Créer un site web avec le CMS Wor in C:\Users\bigba\OneDrive\Documents\Evaluation_Studi-3\DUMAINE Cédric - Créer un site web avec le CMS Wordpress\app\public\wp-content\plugins\elementor\includes\managers\widgets.php on line 372
[11-Mar-2022 20:38:22 UTC] PHP Fatal error:  Uncaught Error: Call to a member function is_editable_by_current_user() on bool in C:\Users\bigba\OneDrive\Documents\Evaluation_Studi-3\DUMAINE Cédric - Créer un site web avec le CMS Wordpress\app\public\wp-content\plugins\elementor\includes\managers\widgets.php:372
Stack trace:
#0 [internal function]: Elementor\Widgets_Manager->ajax_render_widget(Array, Object(Elementor\Core\Common\Modules\Ajax\Module))
#1 C:\Users\bigba\OneDrive\Documents\Evaluation_Studi-3\DUMAINE Cédric - Créer un site web avec le CMS Wordpress\app\public\wp-content\plugins\elementor\core\common\modules\ajax\module.php(171): call_user_func(Array, Array, Object(Elementor\Core\Common\Modules\Ajax\Module))
#2 C:\Users\bigba\OneDrive\Documents\Evaluation_Studi-3\DUMAINE Cédric - Créer un site web avec le CMS Wordpress\app\public\wp-includes\class-wp-hook.php(307): Elementor\Core\Common\Modules\Ajax\Module->handle_ajax_request('')
#3 C:\Users\bigba\OneDrive\Documents\Evaluation_Studi-3\DUMAINE Cédric - Créer un site web avec le CMS Wor in C:\Users\bigba\OneDrive\Documents\Evaluation_Studi-3\DUMAINE Cédric - Créer un site web avec le CMS Wordpress\app\public\wp-content\plugins\elementor\includes\managers\widgets.php on line 372
[11-Mar-2022 20:38:22 UTC] PHP Fatal error:  Uncaught Error: Call to a member function is_editable_by_current_user() on bool in C:\Users\bigba\OneDrive\Documents\Evaluation_Studi-3\DUMAINE Cédric - Créer un site web avec le CMS Wordpress\app\public\wp-content\plugins\elementor\includes\managers\widgets.php:372
Stack trace:
#0 [internal function]: Elementor\Widgets_Manager->ajax_render_widget(Array, Object(Elementor\Core\Common\Modules\Ajax\Module))
#1 C:\Users\bigba\OneDrive\Documents\Evaluation_Studi-3\DUMAINE Cédric - Créer un site web avec le CMS Wordpress\app\public\wp-content\plugins\elementor\core\common\modules\ajax\module.php(171): call_user_func(Array, Array, Object(Elementor\Core\Common\Modules\Ajax\Module))
#2 C:\Users\bigba\OneDrive\Documents\Evaluation_Studi-3\DUMAINE Cédric - Créer un site web avec le CMS Wordpress\app\public\wp-includes\class-wp-hook.php(307): Elementor\Core\Common\Modules\Ajax\Module->handle_ajax_request('')
#3 C:\Users\bigba\OneDrive\Documents\Evaluation_Studi-3\DUMAINE Cédric - Créer un site web avec le CMS Wor in C:\Users\bigba\OneDrive\Documents\Evaluation_Studi-3\DUMAINE Cédric - Créer un site web avec le CMS Wordpress\app\public\wp-content\plugins\elementor\includes\managers\widgets.php on line 372
[11-Mar-2022 20:38:40 UTC] PHP Fatal error:  Uncaught Error: Call to a member function is_editable_by_current_user() on bool in C:\Users\bigba\OneDrive\Documents\Evaluation_Studi-3\DUMAINE Cédric - Créer un site web avec le CMS Wordpress\app\public\wp-content\plugins\elementor\includes\managers\widgets.php:372
Stack trace:
#0 [internal function]: Elementor\Widgets_Manager->ajax_render_widget(Array, Object(Elementor\Core\Common\Modules\Ajax\Module))
#1 C:\Users\bigba\OneDrive\Documents\Evaluation_Studi-3\DUMAINE Cédric - Créer un site web avec le CMS Wordpress\app\public\wp-content\plugins\elementor\core\common\modules\ajax\module.php(171): call_user_func(Array, Array, Object(Elementor\Core\Common\Modules\Ajax\Module))
#2 C:\Users\bigba\OneDrive\Documents\Evaluation_Studi-3\DUMAINE Cédric - Créer un site web avec le CMS Wordpress\app\public\wp-includes\class-wp-hook.php(307): Elementor\Core\Common\Modules\Ajax\Module->handle_ajax_request('')
#3 C:\Users\bigba\OneDrive\Documents\Evaluation_Studi-3\DUMAINE Cédric - Créer un site web avec le CMS Wor in C:\Users\bigba\OneDrive\Documents\Evaluation_Studi-3\DUMAINE Cédric - Créer un site web avec le CMS Wordpress\app\public\wp-content\plugins\elementor\includes\managers\widgets.php on line 372
[11-Mar-2022 20:38:43 UTC] PHP Fatal error:  Uncaught Error: Call to a member function is_editable_by_current_user() on bool in C:\Users\bigba\OneDrive\Documents\Evaluation_Studi-3\DUMAINE Cédric - Créer un site web avec le CMS Wordpress\app\public\wp-content\plugins\elementor\includes\managers\widgets.php:372
Stack trace:
#0 [internal function]: Elementor\Widgets_Manager->ajax_render_widget(Array, Object(Elementor\Core\Common\Modules\Ajax\Module))
#1 C:\Users\bigba\OneDrive\Documents\Evaluation_Studi-3\DUMAINE Cédric - Créer un site web avec le CMS Wordpress\app\public\wp-content\plugins\elementor\core\common\modules\ajax\module.php(171): call_user_func(Array, Array, Object(Elementor\Core\Common\Modules\Ajax\Module))
#2 C:\Users\bigba\OneDrive\Documents\Evaluation_Studi-3\DUMAINE Cédric - Créer un site web avec le CMS Wordpress\app\public\wp-includes\class-wp-hook.php(307): Elementor\Core\Common\Modules\Ajax\Module->handle_ajax_request('')
#3 C:\Users\bigba\OneDrive\Documents\Evaluation_Studi-3\DUMAINE Cédric - Créer un site web avec le CMS Wor in C:\Users\bigba\OneDrive\Documents\Evaluation_Studi-3\DUMAINE Cédric - Créer un site web avec le CMS Wordpress\app\public\wp-content\plugins\elementor\includes\managers\widgets.php on line 372
[11-Mar-2022 20:39:01 UTC] PHP Fatal error:  Uncaught Error: Call to a member function is_editable_by_current_user() on bool in C:\Users\bigba\OneDrive\Documents\Evaluation_Studi-3\DUMAINE Cédric - Créer un site web avec le CMS Wordpress\app\public\wp-content\plugins\elementor\includes\managers\widgets.php:372
Stack trace:
#0 [internal function]: Elementor\Widgets_Manager->ajax_render_widget(Array, Object(Elementor\Core\Common\Modules\Ajax\Module))
#1 C:\Users\bigba\OneDrive\Documents\Evaluation_Studi-3\DUMAINE Cédric - Créer un site web avec le CMS Wordpress\app\public\wp-content\plugins\elementor\core\common\modules\ajax\module.php(171): call_user_func(Array, Array, Object(Elementor\Core\Common\Modules\Ajax\Module))
#2 C:\Users\bigba\OneDrive\Documents\Evaluation_Studi-3\DUMAINE Cédric - Créer un site web avec le CMS Wordpress\app\public\wp-includes\class-wp-hook.php(307): Elementor\Core\Common\Modules\Ajax\Module->handle_ajax_request('')
#3 C:\Users\bigba\OneDrive\Documents\Evaluation_Studi-3\DUMAINE Cédric - Créer un site web avec le CMS Wor in C:\Users\bigba\OneDrive\Documents\Evaluation_Studi-3\DUMAINE Cédric - Créer un site web avec le CMS Wordpress\app\public\wp-content\plugins\elementor\includes\managers\widgets.php on line 372
[11-Mar-2022 20:46:29 UTC] PHP Fatal error:  Uncaught Error: Call to a member function get_edit_url() on bool in C:\Users\bigba\OneDrive\Documents\Evaluation_Studi-3\DUMAINE Cédric - Créer un site web avec le CMS Wordpress\app\public\wp-content\plugins\elementor-pro\modules\theme-builder\classes\conditions-manager.php:140
Stack trace:
#0 C:\Users\bigba\OneDrive\Documents\Evaluation_Studi-3\DUMAINE Cédric - Créer un site web avec le CMS Wordpress\app\public\wp-content\plugins\elementor-pro\modules\theme-builder\classes\conditions-manager.php(160): ElementorPro\Modules\ThemeBuilder\Classes\Conditions_Manager->get_conditions_conflicts_by_location('include/general', 'footer', 206)
#1 C:\Users\bigba\OneDrive\Documents\Evaluation_Studi-3\DUMAINE Cédric - Créer un site web avec le CMS Wordpress\app\public\wp-content\plugins\elementor-pro\core\app\modules\site-editor\data\endpoints\templates-conditions-conflicts.php(25): ElementorPro\Modules\ThemeBuilder\Classes\Conditions_Manager->get_conditions_conflicts(206, 'include/general')
#2 C:\Users\bigba\OneDriv in C:\Users\bigba\OneDrive\Documents\Evaluation_Studi-3\DUMAINE Cédric - Créer un site web avec le CMS Wordpress\app\public\wp-content\plugins\elementor-pro\modules\theme-builder\classes\conditions-manager.php on line 140
[11-Mar-2022 21:08:29 UTC] PHP Fatal error:  Uncaught Error: Call to a member function update_meta() on bool in C:\Users\bigba\OneDrive\Documents\Evaluation_Studi-3\DUMAINE Cédric - Créer un site web avec le CMS Wordpress\app\public\wp-content\plugins\elementor-pro\modules\theme-builder\classes\conditions-manager.php:286
Stack trace:
#0 C:\Users\bigba\OneDrive\Documents\Evaluation_Studi-3\DUMAINE Cédric - Créer un site web avec le CMS Wordpress\app\public\wp-content\plugins\elementor-pro\modules\theme-builder\classes\conditions-manager.php(167): ElementorPro\Modules\ThemeBuilder\Classes\Conditions_Manager->save_conditions(NULL, Array)
#1 [internal function]: ElementorPro\Modules\ThemeBuilder\Classes\Conditions_Manager->ajax_save_theme_template_conditions(Array, Object(Elementor\Core\Common\Modules\Ajax\Module))
#2 C:\Users\bigba\OneDrive\Documents\Evaluation_Studi-3\DUMAINE Cédric - Créer un site web avec le CMS Wordpress\app\public\wp-content\plugins\elementor\core\common\modules\ajax\module.php(171): call_user_func(Array, Array, Object(Elementor in C:\Users\bigba\OneDrive\Documents\Evaluation_Studi-3\DUMAINE Cédric - Créer un site web avec le CMS Wordpress\app\public\wp-content\plugins\elementor-pro\modules\theme-builder\classes\conditions-manager.php on line 286
[11-Mar-2022 21:10:27 UTC] PHP Fatal error:  Uncaught Error: Call to a member function update_meta() on null in C:\Users\bigba\OneDrive\Documents\Evaluation_Studi-3\DUMAINE Cédric - Créer un site web avec le CMS Wordpress\app\public\wp-content\plugins\elementor-pro\modules\theme-builder\classes\conditions-manager.php:286
Stack trace:
#0 C:\Users\bigba\OneDrive\Documents\Evaluation_Studi-3\DUMAINE Cédric - Créer un site web avec le CMS Wordpress\app\public\wp-content\plugins\elementor-pro\modules\theme-builder\classes\conditions-manager.php(167): ElementorPro\Modules\ThemeBuilder\Classes\Conditions_Manager->save_conditions(25, Array)
#1 [internal function]: ElementorPro\Modules\ThemeBuilder\Classes\Conditions_Manager->ajax_save_theme_template_conditions(Array, Object(Elementor\Core\Common\Modules\Ajax\Module))
#2 C:\Users\bigba\OneDrive\Documents\Evaluation_Studi-3\DUMAINE Cédric - Créer un site web avec le CMS Wordpress\app\public\wp-content\plugins\elementor\core\common\modules\ajax\module.php(171): call_user_func(Array, Array, Object(Elementor\C in C:\Users\bigba\OneDrive\Documents\Evaluation_Studi-3\DUMAINE Cédric - Créer un site web avec le CMS Wordpress\app\public\wp-content\plugins\elementor-pro\modules\theme-builder\classes\conditions-manager.php on line 286
[11-Mar-2022 21:13:28 UTC] PHP Fatal error:  Uncaught Error: Call to a member function update_meta() on bool in C:\Users\bigba\OneDrive\Documents\Evaluation_Studi-3\DUMAINE Cédric - Créer un site web avec le CMS Wordpress\app\public\wp-content\plugins\elementor-pro\modules\theme-builder\classes\conditions-manager.php:286
Stack trace:
#0 C:\Users\bigba\OneDrive\Documents\Evaluation_Studi-3\DUMAINE Cédric - Créer un site web avec le CMS Wordpress\app\public\wp-content\plugins\elementor-pro\modules\theme-builder\classes\conditions-manager.php(167): ElementorPro\Modules\ThemeBuilder\Classes\Conditions_Manager->save_conditions(NULL, Array)
#1 [internal function]: ElementorPro\Modules\ThemeBuilder\Classes\Conditions_Manager->ajax_save_theme_template_conditions(Array, Object(Elementor\Core\Common\Modules\Ajax\Module))
#2 C:\Users\bigba\OneDrive\Documents\Evaluation_Studi-3\DUMAINE Cédric - Créer un site web avec le CMS Wordpress\app\public\wp-content\plugins\elementor\core\common\modules\ajax\module.php(171): call_user_func(Array, Array, Object(Elementor in C:\Users\bigba\OneDrive\Documents\Evaluation_Studi-3\DUMAINE Cédric - Créer un site web avec le CMS Wordpress\app\public\wp-content\plugins\elementor-pro\modules\theme-builder\classes\conditions-manager.php on line 286
[11-Mar-2022 21:25:10 UTC] PHP Fatal error:  Uncaught Error: Call to a member function update_meta() on bool in C:\Users\bigba\OneDrive\Documents\Evaluation_Studi-3\DUMAINE Cédric - Créer un site web avec le CMS Wordpress\app\public\wp-content\plugins\elementor-pro\modules\theme-builder\classes\conditions-manager.php:286
Stack trace:
#0 C:\Users\bigba\OneDrive\Documents\Evaluation_Studi-3\DUMAINE Cédric - Créer un site web avec le CMS Wordpress\app\public\wp-content\plugins\elementor-pro\modules\theme-builder\classes\conditions-manager.php(167): ElementorPro\Modules\ThemeBuilder\Classes\Conditions_Manager->save_conditions(NULL, Array)
#1 [internal function]: ElementorPro\Modules\ThemeBuilder\Classes\Conditions_Manager->ajax_save_theme_template_conditions(Array, Object(Elementor\Core\Common\Modules\Ajax\Module))
#2 C:\Users\bigba\OneDrive\Documents\Evaluation_Studi-3\DUMAINE Cédric - Créer un site web avec le CMS Wordpress\app\public\wp-content\plugins\elementor\core\common\modules\ajax\module.php(171): call_user_func(Array, Array, Object(Elementor in C:\Users\bigba\OneDrive\Documents\Evaluation_Studi-3\DUMAINE Cédric - Créer un site web avec le CMS Wordpress\app\public\wp-content\plugins\elementor-pro\modules\theme-builder\classes\conditions-manager.php on line 286
