AH00558: httpd.exe: Could not reliably determine the server's fully qualified domain name, using fe80::3488:7fd4:a782:e2ee. Set the 'ServerName' directive globally to suppress this message
[Wed Mar 09 15:03:57.996770 2022] [mpm_winnt:notice] [pid 9896:tid 452] AH00455: Apache/2.4.43 (Win32) configured -- resuming normal operations
[Wed Mar 09 15:03:57.996770 2022] [mpm_winnt:notice] [pid 9896:tid 452] AH00456: Server built: Apr 21 2020 13:46:54
[Wed Mar 09 15:03:57.996770 2022] [core:notice] [pid 9896:tid 452] AH00094: Command line: 'C:\\Users\\bigba\\AppData\\Roaming\\Local\\lightning-services\\apache-2.4.43+6\\bin\\win32\\bin\\httpd.exe -d C:/Users/bigba/AppData/Roaming/Local/lightning-services/apache-2.4.43+6/bin/win32 -D FOREGROUND -f C:\\Users\\bigba\\AppData\\Roaming\\Local\\run\\Yy7uZ6X_j\\conf\\apache\\apache2.conf'
[Wed Mar 09 15:03:57.999764 2022] [mpm_winnt:notice] [pid 9896:tid 452] AH00418: Parent: Created child process 8696
AH00558: httpd.exe: Could not reliably determine the server's fully qualified domain name, using fe80::3488:7fd4:a782:e2ee. Set the 'ServerName' directive globally to suppress this message
AH00558: httpd.exe: Could not reliably determine the server's fully qualified domain name, using fe80::3488:7fd4:a782:e2ee. Set the 'ServerName' directive globally to suppress this message
[Wed Mar 09 15:04:00.329485 2022] [mpm_winnt:notice] [pid 8696:tid 728] AH00354: Child: Starting 64 worker threads.
[Wed Mar 09 15:04:54.949545 2022] [mpm_winnt:crit] [pid 8696:tid 728] AH02538: Child: Parent process exited abruptly. Child process is ending
[Wed Mar 09 15:04:54.949545 2022] [mpm_winnt:warn] [pid 8696:tid 680] (OS 995)L’opération d’entrée/sortie a été abandonnée en raison de l’arrêt d’un thread ou à la demande d’une application.  : AH00341: winnt_accept: Asynchronous AcceptEx failed.
[Wed Mar 09 15:04:54.949545 2022] [mpm_winnt:warn] [pid 8696:tid 528] (OS 995)L’opération d’entrée/sortie a été abandonnée en raison de l’arrêt d’un thread ou à la demande d’une application.  : AH00341: winnt_accept: Asynchronous AcceptEx failed.
AH00558: httpd.exe: Could not reliably determine the server's fully qualified domain name, using fe80::3488:7fd4:a782:e2ee. Set the 'ServerName' directive globally to suppress this message
[Wed Mar 09 15:08:47.352241 2022] [core:warn] [pid 17500:tid 684] AH00098: pid file C:/Users/bigba/AppData/Roaming/Local/run/Yy7uZ6X_j/apache/logs/httpd.pid overwritten -- Unclean shutdown of previous Apache run?
[Wed Mar 09 15:08:47.354236 2022] [mpm_winnt:notice] [pid 17500:tid 684] AH00455: Apache/2.4.43 (Win32) configured -- resuming normal operations
[Wed Mar 09 15:08:47.354236 2022] [mpm_winnt:notice] [pid 17500:tid 684] AH00456: Server built: Apr 21 2020 13:46:54
[Wed Mar 09 15:08:47.354236 2022] [core:notice] [pid 17500:tid 684] AH00094: Command line: 'C:\\Users\\bigba\\AppData\\Roaming\\Local\\lightning-services\\apache-2.4.43+6\\bin\\win32\\bin\\httpd.exe -d C:/Users/bigba/AppData/Roaming/Local/lightning-services/apache-2.4.43+6/bin/win32 -D FOREGROUND -f C:\\Users\\bigba\\AppData\\Roaming\\Local\\run\\Yy7uZ6X_j\\conf\\apache\\apache2.conf'
[Wed Mar 09 15:08:47.356232 2022] [mpm_winnt:notice] [pid 17500:tid 684] AH00418: Parent: Created child process 1816
AH00558: httpd.exe: Could not reliably determine the server's fully qualified domain name, using fe80::3488:7fd4:a782:e2ee. Set the 'ServerName' directive globally to suppress this message
AH00558: httpd.exe: Could not reliably determine the server's fully qualified domain name, using fe80::3488:7fd4:a782:e2ee. Set the 'ServerName' directive globally to suppress this message
[Wed Mar 09 15:08:49.871715 2022] [mpm_winnt:notice] [pid 1816:tid 724] AH00354: Child: Starting 64 worker threads.
